<?xml version="1.0" encoding="UTF-8"?>
<testsuite xmlns:xsi="http://www.w3.org/2001/XMLSchema-instance" xsi:noNamespaceSchemaLocation="https://maven.apache.org/surefire/maven-surefire-plugin/xsd/surefire-test-report.xsd" name="com.ybu.AppTest" time="0.431" tests="1" errors="0" skipped="0" failures="0">
  <properties>
    <property name="sun.desktop" value="windows"/>
    <property name="awt.toolkit" value="sun.awt.windows.WToolkit"/>
    <property name="file.encoding.pkg" value="sun.io"/>
    <property name="java.specification.version" value="1.8"/>
    <property name="sun.cpu.isalist" value="pentium_pro+mmx pentium_pro pentium+mmx pentium i486 i386 i86"/>
    <property name="sun.jnu.encoding" value="GBK"/>
    <property name="java.class.path" value="G:\government\government\target\test-classes;G:\government\government\target\classes;G:\mavenrepository\junit\junit\4.11\junit-4.11.jar;G:\mavenrepository\org\hamcrest\hamcrest-core\1.3\hamcrest-core-1.3.jar;G:\mavenrepository\javax\servlet\javax.servlet-api\3.1.0\javax.servlet-api-3.1.0.jar;G:\mavenrepository\javax\servlet\jsp\javax.servlet.jsp-api\2.3.1\javax.servlet.jsp-api-2.3.1.jar;G:\mavenrepository\taglibs\standard\1.1.2\standard-1.1.2.jar;G:\mavenrepository\javax\servlet\jstl\1.2\jstl-1.2.jar;G:\mavenrepository\commons-fileupload\commons-fileupload\1.3.1\commons-fileupload-1.3.1.jar;G:\mavenrepository\commons-io\commons-io\2.4\commons-io-2.4.jar;G:\mavenrepository\com\alibaba\druid\1.0.18\druid-1.0.18.jar;C:\Program Files (x86)\Java\jdk1.8.0_172\jre\..\lib\jconsole.jar;C:\Program Files (x86)\Java\jdk1.8.0_172\jre\..\lib\tools.jar;G:\mavenrepository\mysql\mysql-connector-java\5.1.44\mysql-connector-java-5.1.44.jar;G:\mavenrepository\com\google\code\gson\gson\2.8.5\gson-2.8.5.jar;G:\mavenrepository\org\springframework\spring-core\4.3.18.RELEASE\spring-core-4.3.18.RELEASE.jar;G:\mavenrepository\org\springframework\spring-beans\4.3.18.RELEASE\spring-beans-4.3.18.RELEASE.jar;G:\mavenrepository\org\springframework\spring-context\4.3.18.RELEASE\spring-context-4.3.18.RELEASE.jar;G:\mavenrepository\org\springframework\spring-expression\4.3.18.RELEASE\spring-expression-4.3.18.RELEASE.jar;G:\mavenrepository\org\springframework\spring-context-support\4.3.18.RELEASE\spring-context-support-4.3.18.RELEASE.jar;G:\mavenrepository\org\springframework\spring-aop\4.3.18.RELEASE\spring-aop-4.3.18.RELEASE.jar;G:\mavenrepository\org\springframework\spring-aspects\4.3.18.RELEASE\spring-aspects-4.3.18.RELEASE.jar;G:\mavenrepository\org\aspectj\aspectjweaver\1.8.9\aspectjweaver-1.8.9.jar;G:\mavenrepository\org\aspectj\aspectjrt\1.9.4\aspectjrt-1.9.4.jar;G:\mavenrepository\commons-logging\commons-logging\1.2\commons-logging-1.2.jar;G:\mavenrepository\org\springframework\spring-jdbc\4.3.18.RELEASE\spring-jdbc-4.3.18.RELEASE.jar;G:\mavenrepository\org\springframework\spring-tx\4.3.18.RELEASE\spring-tx-4.3.18.RELEASE.jar;G:\mavenrepository\org\springframework\spring-web\4.3.18.RELEASE\spring-web-4.3.18.RELEASE.jar;G:\mavenrepository\org\springframework\spring-webmvc\4.3.18.RELEASE\spring-webmvc-4.3.18.RELEASE.jar;G:\mavenrepository\org\springframework\spring-test\4.3.18.RELEASE\spring-test-4.3.18.RELEASE.jar;G:\mavenrepository\org\mybatis\mybatis\3.4.6\mybatis-3.4.6.jar;G:\mavenrepository\org\mybatis\mybatis-spring\1.3.2\mybatis-spring-1.3.2.jar;G:\mavenrepository\com\github\pagehelper\pagehelper\5.1.10\pagehelper-5.1.10.jar;G:\mavenrepository\com\github\jsqlparser\jsqlparser\2.0\jsqlparser-2.0.jar;G:\mavenrepository\log4j\log4j\1.2.17\log4j-1.2.17.jar;G:\mavenrepository\com\alibaba\fastjson\1.1.34\fastjson-1.1.34.jar;G:\mavenrepository\org\apache\httpcomponents\httpcore\4.4.10\httpcore-4.4.10.jar;G:\mavenrepository\org\apache\httpcomponents\httpclient\4.5.6\httpclient-4.5.6.jar;G:\mavenrepository\commons-codec\commons-codec\1.10\commons-codec-1.10.jar;G:\mavenrepository\org\apache\shiro\shiro-core\1.4.0\shiro-core-1.4.0.jar;G:\mavenrepository\org\apache\shiro\shiro-lang\1.4.0\shiro-lang-1.4.0.jar;G:\mavenrepository\org\slf4j\slf4j-api\1.7.21\slf4j-api-1.7.21.jar;G:\mavenrepository\org\apache\shiro\shiro-cache\1.4.0\shiro-cache-1.4.0.jar;G:\mavenrepository\org\apache\shiro\shiro-crypto-cipher\1.4.0\shiro-crypto-cipher-1.4.0.jar;G:\mavenrepository\org\apache\shiro\shiro-config-core\1.4.0\shiro-config-core-1.4.0.jar;G:\mavenrepository\org\apache\shiro\shiro-config-ogdl\1.4.0\shiro-config-ogdl-1.4.0.jar;G:\mavenrepository\commons-beanutils\commons-beanutils\1.9.3\commons-beanutils-1.9.3.jar;G:\mavenrepository\commons-collections\commons-collections\3.2.2\commons-collections-3.2.2.jar;G:\mavenrepository\org\apache\shiro\shiro-event\1.4.0\shiro-event-1.4.0.jar;G:\mavenrepository\com\alipay\sdk\alipay-sdk-java\3.7.89.ALL\alipay-sdk-java-3.7.89.ALL.jar;G:\mavenrepository\org\apache\shiro\shiro-crypto-hash\1.4.0\shiro-crypto-hash-1.4.0.jar;G:\mavenrepository\org\apache\shiro\shiro-crypto-core\1.4.0\shiro-crypto-core-1.4.0.jar;G:\mavenrepository\javax\javaee-api\7.0\javaee-api-7.0.jar;G:\mavenrepository\com\sun\mail\javax.mail\1.5.0\javax.mail-1.5.0.jar;G:\mavenrepository\javax\activation\activation\1.1\activation-1.1.jar;G:\mavenrepository\com\fasterxml\jackson\core\jackson-databind\2.9.8\jackson-databind-2.9.8.jar;G:\mavenrepository\com\fasterxml\jackson\core\jackson-annotations\2.9.0\jackson-annotations-2.9.0.jar;G:\mavenrepository\com\fasterxml\jackson\core\jackson-core\2.9.8\jackson-core-2.9.8.jar;G:\mavenrepository\org\jetbrains\annotations-java5\19.0.0\annotations-java5-19.0.0.jar;"/>
    <property name="java.vm.vendor" value="Oracle Corporation"/>
    <property name="sun.arch.data.model" value="32"/>
    <property name="user.variant" value=""/>
    <property name="java.vendor.url" value="http://java.oracle.com/"/>
    <property name="user.timezone" value="Asia/Shanghai"/>
    <property name="java.vm.specification.version" value="1.8"/>
    <property name="os.name" value="Windows 10"/>
    <property name="user.country" value="CN"/>
    <property name="sun.java.launcher" value="SUN_STANDARD"/>
    <property name="sun.boot.library.path" value="C:\Program Files (x86)\Java\jdk1.8.0_172\jre\bin"/>
    <property name="sun.java.command" value="C:\Users\LWABCD\AppData\Local\Temp\surefire1005780757582123803\surefirebooter8873469817090350824.jar C:\Users\LWABCD\AppData\Local\Temp\surefire1005780757582123803 2020-03-26T21-27-01_069-jvmRun1 surefire8710229161572415059tmp surefire_07875555668206493594tmp"/>
    <property name="surefire.test.class.path" value="G:\government\government\target\test-classes;G:\government\government\target\classes;G:\mavenrepository\junit\junit\4.11\junit-4.11.jar;G:\mavenrepository\org\hamcrest\hamcrest-core\1.3\hamcrest-core-1.3.jar;G:\mavenrepository\javax\servlet\javax.servlet-api\3.1.0\javax.servlet-api-3.1.0.jar;G:\mavenrepository\javax\servlet\jsp\javax.servlet.jsp-api\2.3.1\javax.servlet.jsp-api-2.3.1.jar;G:\mavenrepository\taglibs\standard\1.1.2\standard-1.1.2.jar;G:\mavenrepository\javax\servlet\jstl\1.2\jstl-1.2.jar;G:\mavenrepository\commons-fileupload\commons-fileupload\1.3.1\commons-fileupload-1.3.1.jar;G:\mavenrepository\commons-io\commons-io\2.4\commons-io-2.4.jar;G:\mavenrepository\com\alibaba\druid\1.0.18\druid-1.0.18.jar;C:\Program Files (x86)\Java\jdk1.8.0_172\jre\..\lib\jconsole.jar;C:\Program Files (x86)\Java\jdk1.8.0_172\jre\..\lib\tools.jar;G:\mavenrepository\mysql\mysql-connector-java\5.1.44\mysql-connector-java-5.1.44.jar;G:\mavenrepository\com\google\code\gson\gson\2.8.5\gson-2.8.5.jar;G:\mavenrepository\org\springframework\spring-core\4.3.18.RELEASE\spring-core-4.3.18.RELEASE.jar;G:\mavenrepository\org\springframework\spring-beans\4.3.18.RELEASE\spring-beans-4.3.18.RELEASE.jar;G:\mavenrepository\org\springframework\spring-context\4.3.18.RELEASE\spring-context-4.3.18.RELEASE.jar;G:\mavenrepository\org\springframework\spring-expression\4.3.18.RELEASE\spring-expression-4.3.18.RELEASE.jar;G:\mavenrepository\org\springframework\spring-context-support\4.3.18.RELEASE\spring-context-support-4.3.18.RELEASE.jar;G:\mavenrepository\org\springframework\spring-aop\4.3.18.RELEASE\spring-aop-4.3.18.RELEASE.jar;G:\mavenrepository\org\springframework\spring-aspects\4.3.18.RELEASE\spring-aspects-4.3.18.RELEASE.jar;G:\mavenrepository\org\aspectj\aspectjweaver\1.8.9\aspectjweaver-1.8.9.jar;G:\mavenrepository\org\aspectj\aspectjrt\1.9.4\aspectjrt-1.9.4.jar;G:\mavenrepository\commons-logging\commons-logging\1.2\commons-logging-1.2.jar;G:\mavenrepository\org\springframework\spring-jdbc\4.3.18.RELEASE\spring-jdbc-4.3.18.RELEASE.jar;G:\mavenrepository\org\springframework\spring-tx\4.3.18.RELEASE\spring-tx-4.3.18.RELEASE.jar;G:\mavenrepository\org\springframework\spring-web\4.3.18.RELEASE\spring-web-4.3.18.RELEASE.jar;G:\mavenrepository\org\springframework\spring-webmvc\4.3.18.RELEASE\spring-webmvc-4.3.18.RELEASE.jar;G:\mavenrepository\org\springframework\spring-test\4.3.18.RELEASE\spring-test-4.3.18.RELEASE.jar;G:\mavenrepository\org\mybatis\mybatis\3.4.6\mybatis-3.4.6.jar;G:\mavenrepository\org\mybatis\mybatis-spring\1.3.2\mybatis-spring-1.3.2.jar;G:\mavenrepository\com\github\pagehelper\pagehelper\5.1.10\pagehelper-5.1.10.jar;G:\mavenrepository\com\github\jsqlparser\jsqlparser\2.0\jsqlparser-2.0.jar;G:\mavenrepository\log4j\log4j\1.2.17\log4j-1.2.17.jar;G:\mavenrepository\com\alibaba\fastjson\1.1.34\fastjson-1.1.34.jar;G:\mavenrepository\org\apache\httpcomponents\httpcore\4.4.10\httpcore-4.4.10.jar;G:\mavenrepository\org\apache\httpcomponents\httpclient\4.5.6\httpclient-4.5.6.jar;G:\mavenrepository\commons-codec\commons-codec\1.10\commons-codec-1.10.jar;G:\mavenrepository\org\apache\shiro\shiro-core\1.4.0\shiro-core-1.4.0.jar;G:\mavenrepository\org\apache\shiro\shiro-lang\1.4.0\shiro-lang-1.4.0.jar;G:\mavenrepository\org\slf4j\slf4j-api\1.7.21\slf4j-api-1.7.21.jar;G:\mavenrepository\org\apache\shiro\shiro-cache\1.4.0\shiro-cache-1.4.0.jar;G:\mavenrepository\org\apache\shiro\shiro-crypto-cipher\1.4.0\shiro-crypto-cipher-1.4.0.jar;G:\mavenrepository\org\apache\shiro\shiro-config-core\1.4.0\shiro-config-core-1.4.0.jar;G:\mavenrepository\org\apache\shiro\shiro-config-ogdl\1.4.0\shiro-config-ogdl-1.4.0.jar;G:\mavenrepository\commons-beanutils\commons-beanutils\1.9.3\commons-beanutils-1.9.3.jar;G:\mavenrepository\commons-collections\commons-collections\3.2.2\commons-collections-3.2.2.jar;G:\mavenrepository\org\apache\shiro\shiro-event\1.4.0\shiro-event-1.4.0.jar;G:\mavenrepository\com\alipay\sdk\alipay-sdk-java\3.7.89.ALL\alipay-sdk-java-3.7.89.ALL.jar;G:\mavenrepository\org\apache\shiro\shiro-crypto-hash\1.4.0\shiro-crypto-hash-1.4.0.jar;G:\mavenrepository\org\apache\shiro\shiro-crypto-core\1.4.0\shiro-crypto-core-1.4.0.jar;G:\mavenrepository\javax\javaee-api\7.0\javaee-api-7.0.jar;G:\mavenrepository\com\sun\mail\javax.mail\1.5.0\javax.mail-1.5.0.jar;G:\mavenrepository\javax\activation\activation\1.1\activation-1.1.jar;G:\mavenrepository\com\fasterxml\jackson\core\jackson-databind\2.9.8\jackson-databind-2.9.8.jar;G:\mavenrepository\com\fasterxml\jackson\core\jackson-annotations\2.9.0\jackson-annotations-2.9.0.jar;G:\mavenrepository\com\fasterxml\jackson\core\jackson-core\2.9.8\jackson-core-2.9.8.jar;G:\mavenrepository\org\jetbrains\annotations-java5\19.0.0\annotations-java5-19.0.0.jar;"/>
    <property name="sun.cpu.endian" value="little"/>
    <property name="user.home" value="C:\Users\LWABCD"/>
    <property name="user.language" value="zh"/>
    <property name="java.specification.vendor" value="Oracle Corporation"/>
    <property name="java.home" value="C:\Program Files (x86)\Java\jdk1.8.0_172\jre"/>
    <property name="basedir" value="G:\government\government"/>
    <property name="file.separator" value="\"/>
    <property name="line.separator" value="&#10;"/>
    <property name="java.vm.specification.vendor" value="Oracle Corporation"/>
    <property name="java.specification.name" value="Java Platform API Specification"/>
    <property name="java.awt.graphicsenv" value="sun.awt.Win32GraphicsEnvironment"/>
    <property name="surefire.real.class.path" value="C:\Users\LWABCD\AppData\Local\Temp\surefire1005780757582123803\surefirebooter8873469817090350824.jar"/>
    <property name="sun.boot.class.path" value="C:\Program Files (x86)\Java\jdk1.8.0_172\jre\lib\resources.jar;C:\Program Files (x86)\Java\jdk1.8.0_172\jre\lib\rt.jar;C:\Program Files (x86)\Java\jdk1.8.0_172\jre\lib\sunrsasign.jar;C:\Program Files (x86)\Java\jdk1.8.0_172\jre\lib\jsse.jar;C:\Program Files (x86)\Java\jdk1.8.0_172\jre\lib\jce.jar;C:\Program Files (x86)\Java\jdk1.8.0_172\jre\lib\charsets.jar;C:\Program Files (x86)\Java\jdk1.8.0_172\jre\lib\jfr.jar;C:\Program Files (x86)\Java\jdk1.8.0_172\jre\classes"/>
    <property name="user.script" value=""/>
    <property name="sun.management.compiler" value="HotSpot Client Compiler"/>
    <property name="java.runtime.version" value="1.8.0_172-b11"/>
    <property name="user.name" value="LWABCD"/>
    <property name="path.separator" value=";"/>
    <property name="os.version" value="10.0"/>
    <property name="java.endorsed.dirs" value="C:\Program Files (x86)\Java\jdk1.8.0_172\jre\lib\endorsed"/>
    <property name="java.runtime.name" value="Java(TM) SE Runtime Environment"/>
    <property name="file.encoding" value="GBK"/>
    <property name="java.vm.name" value="Java HotSpot(TM) Client VM"/>
    <property name="localRepository" value="G:\mavenrepository"/>
    <property name="java.vendor.url.bug" value="http://bugreport.sun.com/bugreport/"/>
    <property name="java.io.tmpdir" value="C:\Users\LWABCD\AppData\Local\Temp\"/>
    <property name="java.version" value="1.8.0_172"/>
    <property name="user.dir" value="G:\government\government"/>
    <property name="os.arch" value="x86"/>
    <property name="java.vm.specification.name" value="Java Virtual Machine Specification"/>
    <property name="java.awt.printerjob" value="sun.awt.windows.WPrinterJob"/>
    <property name="sun.os.patch.level" value=""/>
    <property name="idea.version2019.1" value="true"/>
    <property name="java.library.path" value="C:\Program Files (x86)\Java\jdk1.8.0_172\jre\bin;C:\WINDOWS\Sun\Java\bin;C:\WINDOWS\system32;C:\WINDOWS;F:\Oracle\product\11.2.0\dbhome_1\bin;&quot;C:\Program Files (x86)\Common Files\Oracle\Java\javapath;F:\Java\jdk\bin;F:\Java\jdk\jre\bin;&quot;;C:\ProgramData\Oracle\Java\javapath;C:\WINDOWS\system32;C:\WINDOWS;C:\WINDOWS\System32\Wbem;C:\WINDOWS\System32\WindowsPowerShell\v1.0\;C:\Program Files\dotnet\;C:\WINDOWS\System32\OpenSSH\;F:\mysql-5.6.42-winx64\mysql-5.6.42-winx64\bin;F:\apache-maven-3.6.1-bin\apache-maven-3.6.1\bin;F:\Git\bin;C:\Program Files\MySQL\MySQL Server 5.5\bin;E:\TortoiseSVN\bin;G:\Ruby23-x64\bin;G:\TortoiseGit\bin;G:\nodejs;C:\Users\LWABCD\AppData\Local\Microsoft\WindowsApps;F:\mysql-5.6.42-winx64\mysql-5.6.42-winx64\bin;F:\Java\jdk\bin;C:\Users\LWABCD\AppData\Roaming\npm;."/>
    <property name="java.vm.info" value="mixed mode, sharing"/>
    <property name="java.vendor" value="Oracle Corporation"/>
    <property name="java.vm.version" value="25.172-b11"/>
    <property name="java.ext.dirs" value="C:\Program Files (x86)\Java\jdk1.8.0_172\jre\lib\ext;C:\WINDOWS\Sun\Java\lib\ext"/>
    <property name="sun.io.unicode.encoding" value="UnicodeLittle"/>
    <property name="maven.repo.local" value="G:\mavenrepository"/>
    <property name="java.class.version" value="52.0"/>
  </properties>
  <testcase name="shouldAnswerWithTrue" classname="com.ybu.AppTest" time="0.002"/>
</testsuite>